SF:lib/src/authentication_repository.dart
DA:15,2
DA:22,0
DA:24,0
DA:28,0
DA:32,0
DA:36,0
DA:40,0
DA:59,2
DA:65,0
DA:67,0
DA:71,0
DA:75,0
DA:79,0
DA:98,2
DA:104,0
DA:106,0
DA:110,0
DA:114,0
DA:118,0
DA:122,0
DA:126,0
DA:130,0
DA:134,0
DA:156,1
DA:160,1
DA:161,1
DA:162,1
DA:183,1
DA:184,4
DA:185,1
DA:186,2
DA:193,1
DA:194,2
DA:200,1
DA:202,2
DA:203,1
DA:204,0
DA:213,1
DA:216,1
DA:217,1
DA:218,2
DA:219,1
DA:221,2
DA:222,1
DA:223,1
DA:224,1
DA:225,1
DA:229,2
DA:230,1
DA:231,0
DA:240,1
DA:245,2
DA:246,1
DA:247,0
DA:257,1
DA:259,2
DA:260,2
DA:261,2
DA:264,1
DA:270,1
DA:271,5
LF:61
LH:38
end_of_record
SF:lib/src/models/user.dart
DA:10,5
DA:33,2
DA:36,2
DA:38,2
DA:39,10
LF:5
LH:5
end_of_record
